<?xml version="1.0" encoding="UTF-8"?>
<!-- Generated by org.testng.reporters.JUnitReportReporter -->
<testsuite skipped="0" hostname="DESKTOP-N1T2TNG" name="scripts.Addingtocart" tests="1" failures="0" timestamp="06 Jul 2021 15:25:25 GMT" time="13.862" errors="0">
  <testcase name="tc1" time="13.862" classname="scripts.Addingtocart"/>
</testsuite> <!-- scripts.Addingtocart -->
